[    1411ms] [LOG] %c EvalError
    at oy (https://prx.wayfair.com/px/client/main.min.js:2:73741)
    at qz (https://prx.wayfair.com/px/client/main.min.js:2:80923)
    at HI (https://prx.wayfair.com/px/client/main.min.js:4:10499)
    at HG (https://prx.wayfair.com/px/client/main.min.js:4:10110)
    at https://prx.wayfair.com/px/client/main.min.js:4:11845
    at https://prx.wayfair.com/px/client/main.min.js:4:11851
    at https://prx.wayfair.com/px/client/main.min.js:4:12316 @ https://prx.wayfair.com/px/client/main.min.js:1
[    1937ms] [LOG] EkoAnalytics is not defined, initializing a no-op function... @ https://assets.wfcdn.com/webpack/sf-ui-core-funnel/_next/static/chunks/1931-55e72a770d682d0d.js:40
[    3349ms] [ERROR] Failed to load resource: the server responded with a status of 429 () @ https://www.wayfair.ca/graphql?hash=e70b15ee7db034857e7217b9eefa33aa:0
[    3350ms] [ERROR] Failed to load resource: the server responded with a status of 429 () @ https://www.wayfair.ca/federation/graphql:0
[    3351ms] [ERROR] Failed to load resource: the server responded with a status of 429 () @ https://www.wayfair.ca/federation/graphql:0
[    3351ms] [ERROR] Failed to load resource: the server responded with a status of 429 () @ https://www.wayfair.ca/federation/graphql:0
[    3351ms] [ERROR] Failed to load resource: the server responded with a status of 429 () @ https://www.wayfair.ca/federation/graphql:0
[    3351ms] [ERROR] Failed to load resource: the server responded with a status of 429 () @ https://www.wayfair.ca/a/campaign_management/tag/get_tracking_tags:0
[    3351ms] [ERROR] Failed to load resource: the server responded with a status of 429 () @ https://www.wayfair.ca/federation/graphql:0
[    3352ms] [ERROR] Failed to load resource: the server responded with a status of 429 () @ https://www.wayfair.ca/federation/graphql:0
[    3390ms] [ERROR] Failed to load resource: the server responded with a status of 429 () @ https://www.wayfair.ca/federation/graphql:0
[    3617ms] [ERROR] Failed to load resource: the server responded with a status of 429 () @ https://www.wayfair.ca/federation/graphql:0
[    3912ms] [ERROR] Failed to load resource: the server responded with a status of 429 () @ https://www.wayfair.ca/a/performance_timing/ttfb?_txid=OGRlZDFjZjctYzg2OC00YQ==:0
[    3942ms] [ERROR] Failed to load resource: the server responded with a status of 429 () @ https://www.wayfair.ca/a/performance_timing/fcp?_txid=OGRlZDFjZjctYzg2OC00YQ==:0
[    3945ms] [ERROR] Failed to load resource: the server responded with a status of 429 () @ https://www.wayfair.ca/a/performance_timing/ttfb?_txid=OGRlZDFjZjctYzg2OC00YQ==:0
[    3947ms] [ERROR] Failed to load resource: the server responded with a status of 429 () @ https://www.wayfair.ca/a/performance_timing/fcp?_txid=OGRlZDFjZjctYzg2OC00YQ==:0
[    4047ms] [ERROR] Failed to load resource: the server responded with a status of 429 () @ https://www.wayfair.ca/graphql?hash=b29819ec35584d0ff7e9a59ace1d44fd%23ffb405f905429e030efb720e39e46e1d:0
[    4063ms] [ERROR] Failed to load resource: the server responded with a status of 429 () @ https://www.wayfair.ca/federation/graphql:0
[    4070ms] [ERROR] Failed to load resource: the server responded with a status of 429 () @ https://www.wayfair.ca/federation/graphql:0
[    4085ms] [ERROR] Failed to load resource: the server responded with a status of 429 () @ https://www.wayfair.ca/federation/graphql:0
[    4092ms] [ERROR] Failed to load resource: the server responded with a status of 429 () @ https://www.wayfair.ca/federation/graphql:0
[    9033ms] [ERROR] Failed to load resource: the server responded with a status of 429 () @ https://www.wayfair.ca/federation/graphql:0
[    9181ms] [ERROR] Failed to load resource: the server responded with a status of 429 () @ https://www.wayfair.ca/a/global_help/global_help/get_global_help_context:0
[    9199ms] [ERROR] Failed to load resource: the server responded with a status of 429 () @ https://www.wayfair.ca/a/global_help/global_help/get_experiences?page_alias=ProductOptionSku:0
[    9347ms] [ERROR] Failed to load resource: the server responded with a status of 429 () @ https://www.wayfair.ca/a/global_help/global_help/get_global_help_context:0
[    9353ms] [ERROR] Failed to load resource: the server responded with a status of 429 () @ https://www.wayfair.ca/a/global_help/global_help/get_experiences?page_alias=ProductOptionSku:0
[    9500ms] [ERROR] Failed to load resource: the server responded with a status of 429 () @ https://www.wayfair.ca/a/global_help/global_help/get_experiences?page_alias=ProductOptionSku:0
[    9515ms] [ERROR] Failed to load resource: the server responded with a status of 429 () @ https://www.wayfair.ca/a/global_help/global_help/get_global_help_context:0
[   11620ms] [LOG] Download the Apollo DevTools for a better development experience: %s https://chrome.google.com/webstore/detail/apollo-client-developer-t/jdkknkkbebbapilgoeccciglkfbmbnfm @ https://assets.wfcdn.com/webpack/sf-ui-core-funnel/_next/static/chunks/1010-4498e4af569120b6.js:0
[   12646ms] [WARNING] The resource https://assets.wfcdn.com/im/43130218/resize-h1200-w1200%5Ecompr-r85/4315/431512029/Classic+Iron+Platform+Bed+with+High+Headboard+and+Footboard-901025119-848028358.jpg was preloaded using link preload but not used within a few seconds from the window's load event. Please make sure it has an appropriate `as` value and it is preloaded intentionally. @ https://www.wayfair.ca/furniture/pdp/august-grove-classic-iron-platform-bed-with-high-headboard-and-footboard-c004936862.html?piid=901025119%2C848028358:0
[   12646ms] [WARNING] The resource https://prx.wayfair.com/px/xhr/api/v1/collector/noScript.gif?appId=PX3Vk96I6i was preloaded using link preload but not used within a few seconds from the window's load event. Please make sure it has an appropriate `as` value and it is preloaded intentionally. @ https://www.wayfair.ca/furniture/pdp/august-grove-classic-iron-platform-bed-with-high-headboard-and-footboard-c004936862.html?piid=901025119%2C848028358:0
[   22063ms] [WARNING] The resource https://assets.wfcdn.com/im/43130218/resize-h1200-w1200%5Ecompr-r85/4315/431512029/Classic+Iron+Platform+Bed+with+High+Headboard+and+Footboard-901025119-848028358.jpg was preloaded using link preload but not used within a few seconds from the window's load event. Please make sure it has an appropriate `as` value and it is preloaded intentionally. @ https://www.wayfair.ca/furniture/pdp/august-grove-classic-iron-platform-bed-with-high-headboard-and-footboard-c004936862.html?piid=901025119%2C848028358:0
[   22063ms] [WARNING] The resource https://prx.wayfair.com/px/xhr/api/v1/collector/noScript.gif?appId=PX3Vk96I6i was preloaded using link preload but not used within a few seconds from the window's load event. Please make sure it has an appropriate `as` value and it is preloaded intentionally. @ https://www.wayfair.ca/furniture/pdp/august-grove-classic-iron-platform-bed-with-high-headboard-and-footboard-c004936862.html?piid=901025119%2C848028358:0
[   37054ms] [WARNING] The resource https://assets.wfcdn.com/im/43130218/resize-h1200-w1200%5Ecompr-r85/4315/431512029/Classic+Iron+Platform+Bed+with+High+Headboard+and+Footboard-901025119-848028358.jpg was preloaded using link preload but not used within a few seconds from the window's load event. Please make sure it has an appropriate `as` value and it is preloaded intentionally. @ https://www.wayfair.ca/furniture/pdp/august-grove-classic-iron-platform-bed-with-high-headboard-and-footboard-c004936862.html?piid=901025119%2C848028358:0
[   37054ms] [WARNING] The resource https://prx.wayfair.com/px/xhr/api/v1/collector/noScript.gif?appId=PX3Vk96I6i was preloaded using link preload but not used within a few seconds from the window's load event. Please make sure it has an appropriate `as` value and it is preloaded intentionally. @ https://www.wayfair.ca/furniture/pdp/august-grove-classic-iron-platform-bed-with-high-headboard-and-footboard-c004936862.html?piid=901025119%2C848028358:0
[   72355ms] [WARNING] The resource https://assets.wfcdn.com/im/43130218/resize-h1200-w1200%5Ecompr-r85/4315/431512029/Classic+Iron+Platform+Bed+with+High+Headboard+and+Footboard-901025119-848028358.jpg was preloaded using link preload but not used within a few seconds from the window's load event. Please make sure it has an appropriate `as` value and it is preloaded intentionally. @ https://www.wayfair.ca/furniture/pdp/august-grove-classic-iron-platform-bed-with-high-headboard-and-footboard-c004936862.html?piid=901025119%2C848028358:0
[   72355ms] [WARNING] The resource https://prx.wayfair.com/px/xhr/api/v1/collector/noScript.gif?appId=PX3Vk96I6i was preloaded using link preload but not used within a few seconds from the window's load event. Please make sure it has an appropriate `as` value and it is preloaded intentionally. @ https://www.wayfair.ca/furniture/pdp/august-grove-classic-iron-platform-bed-with-high-headboard-and-footboard-c004936862.html?piid=901025119%2C848028358:0
[  117111ms] [WARNING] The resource https://assets.wfcdn.com/im/43130218/resize-h1200-w1200%5Ecompr-r85/4315/431512029/Classic+Iron+Platform+Bed+with+High+Headboard+and+Footboard-901025119-848028358.jpg was preloaded using link preload but not used within a few seconds from the window's load event. Please make sure it has an appropriate `as` value and it is preloaded intentionally. @ https://www.wayfair.ca/furniture/pdp/august-grove-classic-iron-platform-bed-with-high-headboard-and-footboard-c004936862.html?piid=901025119%2C848028358:0
[  117111ms] [WARNING] The resource https://prx.wayfair.com/px/xhr/api/v1/collector/noScript.gif?appId=PX3Vk96I6i was preloaded using link preload but not used within a few seconds from the window's load event. Please make sure it has an appropriate `as` value and it is preloaded intentionally. @ https://www.wayfair.ca/furniture/pdp/august-grove-classic-iron-platform-bed-with-high-headboard-and-footboard-c004936862.html?piid=901025119%2C848028358:0
[  126485ms] [WARNING] The resource https://assets.wfcdn.com/im/43130218/resize-h1200-w1200%5Ecompr-r85/4315/431512029/Classic+Iron+Platform+Bed+with+High+Headboard+and+Footboard-901025119-848028358.jpg was preloaded using link preload but not used within a few seconds from the window's load event. Please make sure it has an appropriate `as` value and it is preloaded intentionally. @ https://www.wayfair.ca/furniture/pdp/august-grove-classic-iron-platform-bed-with-high-headboard-and-footboard-c004936862.html?piid=901025119%2C848028358:0
[  126485ms] [WARNING] The resource https://prx.wayfair.com/px/xhr/api/v1/collector/noScript.gif?appId=PX3Vk96I6i was preloaded using link preload but not used within a few seconds from the window's load event. Please make sure it has an appropriate `as` value and it is preloaded intentionally. @ https://www.wayfair.ca/furniture/pdp/august-grove-classic-iron-platform-bed-with-high-headboard-and-footboard-c004936862.html?piid=901025119%2C848028358:0
[  185144ms] [WARNING] The resource https://assets.wfcdn.com/im/43130218/resize-h1200-w1200%5Ecompr-r85/4315/431512029/Classic+Iron+Platform+Bed+with+High+Headboard+and+Footboard-901025119-848028358.jpg was preloaded using link preload but not used within a few seconds from the window's load event. Please make sure it has an appropriate `as` value and it is preloaded intentionally. @ https://www.wayfair.ca/furniture/pdp/august-grove-classic-iron-platform-bed-with-high-headboard-and-footboard-c004936862.html?piid=901025119%2C848028358:0
[  185144ms] [WARNING] The resource https://prx.wayfair.com/px/xhr/api/v1/collector/noScript.gif?appId=PX3Vk96I6i was preloaded using link preload but not used within a few seconds from the window's load event. Please make sure it has an appropriate `as` value and it is preloaded intentionally. @ https://www.wayfair.ca/furniture/pdp/august-grove-classic-iron-platform-bed-with-high-headboard-and-footboard-c004936862.html?piid=901025119%2C848028358:0
[  189370ms] [WARNING] The resource https://assets.wfcdn.com/im/43130218/resize-h1200-w1200%5Ecompr-r85/4315/431512029/Classic+Iron+Platform+Bed+with+High+Headboard+and+Footboard-901025119-848028358.jpg was preloaded using link preload but not used within a few seconds from the window's load event. Please make sure it has an appropriate `as` value and it is preloaded intentionally. @ https://www.wayfair.ca/furniture/pdp/august-grove-classic-iron-platform-bed-with-high-headboard-and-footboard-c004936862.html?piid=901025119%2C848028358:0
[  189370ms] [WARNING] The resource https://prx.wayfair.com/px/xhr/api/v1/collector/noScript.gif?appId=PX3Vk96I6i was preloaded using link preload but not used within a few seconds from the window's load event. Please make sure it has an appropriate `as` value and it is preloaded intentionally. @ https://www.wayfair.ca/furniture/pdp/august-grove-classic-iron-platform-bed-with-high-headboard-and-footboard-c004936862.html?piid=901025119%2C848028358:0
